0 info it worked if it ends with ok
1 verbose cli [ 'C:\\Program Files\\nodejs\\\\node.exe',
1 verbose cli   'C:\\Program Files\\nodejs\\node_modules\\npm\\bin\\npm-cli.js',
1 verbose cli   'install',
1 verbose cli   'hexo-processor-copyassets',
1 verbose cli   '--save' ]
2 info using npm@1.4.14
3 info using node@v0.10.29
4 verbose node symlink C:\Program Files\nodejs\\node.exe
5 warn package.json hexo-processor-copyassets@0.0.1 No repository field.
6 warn package.json hexo-processor-copyassets@0.0.1 No README data
7 verbose readDependencies using package.json deps
8 verbose cache add [ 'hexo-processor-copyassets@*', null ]
9 verbose cache add name=undefined spec="hexo-processor-copyassets@*" args=["hexo-processor-copyassets@*",null]
10 verbose parsed url { protocol: null,
10 verbose parsed url   slashes: null,
10 verbose parsed url   auth: null,
10 verbose parsed url   host: null,
10 verbose parsed url   port: null,
10 verbose parsed url   hostname: null,
10 verbose parsed url   hash: null,
10 verbose parsed url   search: null,
10 verbose parsed url   query: null,
10 verbose parsed url   pathname: 'hexo-processor-copyassets@*',
10 verbose parsed url   path: 'hexo-processor-copyassets@*',
10 verbose parsed url   href: 'hexo-processor-copyassets@*' }
11 verbose cache add name="hexo-processor-copyassets" spec="*" args=["hexo-processor-copyassets","*"]
12 verbose parsed url { protocol: null,
12 verbose parsed url   slashes: null,
12 verbose parsed url   auth: null,
12 verbose parsed url   host: null,
12 verbose parsed url   port: null,
12 verbose parsed url   hostname: null,
12 verbose parsed url   hash: null,
12 verbose parsed url   search: null,
12 verbose parsed url   query: null,
12 verbose parsed url   pathname: '*',
12 verbose parsed url   path: '*',
12 verbose parsed url   href: '*' }
13 verbose addNamed [ 'hexo-processor-copyassets', '*' ]
14 verbose addNamed [ null, '*' ]
15 silly lockFile 2fd3eb3f-hexo-processor-copyassets hexo-processor-copyassets@*
16 verbose lock hexo-processor-copyassets@* C:\Users\xzp\AppData\Roaming\npm-cache\2fd3eb3f-hexo-processor-copyassets.lock
17 silly addNameRange { name: 'hexo-processor-copyassets', range: '*', hasData: false }
18 verbose url raw hexo-processor-copyassets
19 verbose url resolving [ 'https://registry.npmjs.org/', './hexo-processor-copyassets' ]
20 verbose url resolved https://registry.npmjs.org/hexo-processor-copyassets
21 info trying registry request attempt 1 at 17:03:00
22 http GET https://registry.npmjs.org/hexo-processor-copyassets
23 http 404 https://registry.npmjs.org/hexo-processor-copyassets
24 verbose headers { date: 'Sun, 17 Aug 2014 09:03:31 GMT',
24 verbose headers   server: 'CouchDB/1.5.0 (Erlang OTP/R16B03)',
24 verbose headers   'content-type': 'application/json',
24 verbose headers   'cache-control': 'max-age=0',
24 verbose headers   'content-length': '52',
24 verbose headers   'accept-ranges': 'bytes',
24 verbose headers   via: '1.1 varnish',
24 verbose headers   age: '0',
24 verbose headers   'x-served-by': 'cache-ty67-TYO',
24 verbose headers   'x-cache': 'MISS',
24 verbose headers   'x-cache-hits': '0',
24 verbose headers   'x-timer': 'S1408266211.138960,VS0,VE743',
24 verbose headers   'keep-alive': 'timeout=10, max=50',
24 verbose headers   connection: 'Keep-Alive' }
25 silly registry.get cb [ 404,
25 silly registry.get   { date: 'Sun, 17 Aug 2014 09:03:31 GMT',
25 silly registry.get     server: 'CouchDB/1.5.0 (Erlang OTP/R16B03)',
25 silly registry.get     'content-type': 'application/json',
25 silly registry.get     'cache-control': 'max-age=0',
25 silly registry.get     'content-length': '52',
25 silly registry.get     'accept-ranges': 'bytes',
25 silly registry.get     via: '1.1 varnish',
25 silly registry.get     age: '0',
25 silly registry.get     'x-served-by': 'cache-ty67-TYO',
25 silly registry.get     'x-cache': 'MISS',
25 silly registry.get     'x-cache-hits': '0',
25 silly registry.get     'x-timer': 'S1408266211.138960,VS0,VE743',
25 silly registry.get     'keep-alive': 'timeout=10, max=50',
25 silly registry.get     connection: 'Keep-Alive' } ]
26 silly lockFile 2fd3eb3f-hexo-processor-copyassets hexo-processor-copyassets@*
27 silly lockFile 2fd3eb3f-hexo-processor-copyassets hexo-processor-copyassets@*
28 error 404 404 Not Found: hexo-processor-copyassets
28 error 404
28 error 404 'hexo-processor-copyassets' is not in the npm registry.
28 error 404 You should bug the author to publish it
28 error 404 It was specified as a dependency of 'hexo-site'
28 error 404
28 error 404 Note that you can also install from a
28 error 404 tarball, folder, or http url, or git url.
29 error System Windows_NT 6.1.7601
30 error command "C:\\Program Files\\nodejs\\\\node.exe" "C:\\Program Files\\nodejs\\node_modules\\npm\\bin\\npm-cli.js" "install" "hexo-processor-copyassets" "--save"
31 error cwd E:\workSpace\xzper.com
32 error node -v v0.10.29
33 error npm -v 1.4.14
34 error code E404
35 verbose exit [ 1, true ]
